Receiving objects: 100% (7328/7328), 81.32 MiB | 2.16 MiB/s, done.
Resolving deltas: 100% (1164/1164), done.
Note: checking out '33b765d7979fd8a6038026aa44f6ff1a9c082b7b'.

You are in 'detached HEAD' state. You can look around, make experimental
changes and commit them, and you can discard any commits you make in this
state without impacting any branches by performing another checkout.

If you want to create a new branch to retain commits you create, you may
do so (now or later) by using -b with the checkout command again. Example:

  git checkout -b <new-branch-name>

Checking out files: 100% (6080/6080), done.
info install running cmake [
info install   '/Users/sharadroychoudhury/Dropbox/My Mac (sharad’s MacBook Air)/Desktop/project/angular_codebase/gesture-recognition-model/node_modules/opencv-build/opencv/opencv',
info install   '-DCMAKE_INSTALL_PREFIX=/Users/sharadroychoudhury/Dropbox/My Mac (sharad’s MacBook Air)/Desktop/project/angular_codebase/gesture-recognition-model/node_modules/opencv-build/opencv/build',
info install   '-DCMAKE_BUILD_TYPE=Release',
info install   '-DBUILD_EXAMPLES=OFF',
info install   '-DBUILD_DOCS=OFF',
info install   '-DBUILD_TESTS=OFF',
info install   '-DBUILD_PERF_TESTS=OFF',
info install   '-DBUILD_JAVA=OFF',
info install   '-DCUDA_NVCC_FLAGS=--expt-relaxed-constexpr',
info install   '-DBUILD_opencv_apps=OFF',
info install   '-DBUILD_opencv_aruco=OFF',
info install   '-DBUILD_opencv_bgsegm=OFF',
info install   '-DBUILD_opencv_bioinspired=OFF',
info install   '-DBUILD_opencv_ccalib=OFF',
info install   '-DBUILD_opencv_datasets=OFF',
info install   '-DBUILD_opencv_dnn_objdetect=OFF',
info install   '-DBUILD_opencv_dpm=OFF',
info install   '-DBUILD_opencv_fuzzy=OFF',
info install   '-DBUILD_opencv_hfs=OFF',
info install   '-DBUILD_opencv_java_bindings_generator=OFF',
info install   '-DBUILD_opencv_js=OFF',
info install   '-DBUILD_opencv_img_hash=OFF',
info install   '-DBUILD_opencv_line_descriptor=OFF',
info install   '-DBUILD_opencv_optflow=OFF',
info install   '-DBUILD_opencv_phase_unwrapping=OFF',
info install   '-DBUILD_opencv_python3=OFF',
info install   '-DBUILD_opencv_python_bindings_generator=OFF',
info install   '-DBUILD_opencv_reg=OFF',
info install   '-DBUILD_opencv_rgbd=OFF',
info install   '-DBUILD_opencv_saliency=OFF',
info install   '-DBUILD_opencv_shape=OFF',
info install   '-DBUILD_opencv_stereo=OFF',
info install   '-DBUILD_opencv_stitching=OFF',
info install   '-DBUILD_opencv_structured_light=OFF',
info install   '-DBUILD_opencv_superres=OFF',
info install   '-DBUILD_opencv_surface_matching=OFF',
info install   '-DBUILD_opencv_ts=OFF',
info install   '-DBUILD_opencv_xobjdetect=OFF',
info install   '-DBUILD_opencv_xphoto=OFF',
info install   '-DWITH_VTK=OFF',
info install   '-DOPENCV_ENABLE_NONFREE=ON',
info install   '-DOPENCV_EXTRA_MODULES_PATH=/Users/sharadroychoudhury/Dropbox/My Mac (sharad’s MacBook Air)/Desktop/project/angular_codebase/gesture-recognition-model/node_modules/opencv-build/opencv/opencv_contrib/modules'
info install ]
-- The CXX compiler identification is AppleClang 10.0.1.10010046
-- The C compiler identification is AppleClang 10.0.1.10010046
-- Detecting CXX compiler ABI info
-- Detecting CXX compiler ABI info - done
-- Check for working CXX compiler: /Library/Developer/CommandLineTools/usr/bin/c++ - skipped
-- Detecting CXX compile features
-- Detecting CXX compile features - done
-- Detecting C compiler ABI info
-- Detecting C compiler ABI info - done
-- Check for working C compiler: /Library/Developer/CommandLineTools/usr/bin/cc - skipped
-- Detecting C compile features
-- Detecting C compile features - done
-- Performing Test HAVE_CXX11 (check file: cmake/checks/cxx11.cpp)
-- Performing Test HAVE_CXX11 - Failed
-- Found PythonInterp: /usr/bin/python2.7 (found suitable version "2.7.10", minimum required is "2.7")
-- Found PythonLibs: /usr/lib/libpython2.7.dylib (found suitable exact version "2.7.10")
-- Found PythonInterp: /usr/local/bin/python3 (found suitable version "3.7.1", minimum required is "3.2")
-- Found PythonLibs: /Library/Frameworks/Python.framework/Versions/3.7/lib/libpython3.7m.dylib (found suitable exact version "3.7.1")
-- Looking for ccache - not found
-- Performing Test HAVE_CXX_FSIGNED_CHAR
-- Performing Test HAVE_CXX_FSIGNED_CHAR - Success
-- Performing Test HAVE_C_FSIGNED_CHAR
-- Performing Test HAVE_C_FSIGNED_CHAR - Success
-- Performing Test HAVE_CXX_W
-- Performing Test HAVE_CXX_W - Success
-- Performing Test HAVE_C_W
-- Performing Test HAVE_C_W - Success
-- Performing Test HAVE_CXX_WALL
-- Performing Test HAVE_CXX_WALL - Success
-- Performing Test HAVE_C_WALL
-- Performing Test HAVE_C_WALL - Success
-- Performing Test HAVE_CXX_WERROR_RETURN_TYPE
-- Performing Test HAVE_CXX_WERROR_RETURN_TYPE - Success
-- Performing Test HAVE_C_WERROR_RETURN_TYPE
-- Performing Test HAVE_C_WERROR_RETURN_TYPE - Success
-- Performing Test HAVE_CXX_WERROR_NON_VIRTUAL_DTOR
-- Performing Test HAVE_CXX_WERROR_NON_VIRTUAL_DTOR - Success
-- Performing Test HAVE_C_WERROR_NON_VIRTUAL_DTOR
-- Performing Test HAVE_C_WERROR_NON_VIRTUAL_DTOR - Success
-- Performing Test HAVE_CXX_WERROR_ADDRESS
-- Performing Test HAVE_CXX_WERROR_ADDRESS - Success
-- Performing Test HAVE_C_WERROR_ADDRESS
-- Performing Test HAVE_C_WERROR_ADDRESS - Success
-- Performing Test HAVE_CXX_WERROR_SEQUENCE_POINT
-- Performing Test HAVE_CXX_WERROR_SEQUENCE_POINT - Success
-- Performing Test HAVE_C_WERROR_SEQUENCE_POINT
-- Performing Test HAVE_C_WERROR_SEQUENCE_POINT - Success
-- Performing Test HAVE_CXX_WFORMAT
-- Performing Test HAVE_CXX_WFORMAT - Success
-- Performing Test HAVE_C_WFORMAT
-- Performing Test HAVE_C_WFORMAT - Success
-- Performing Test HAVE_CXX_WERROR_FORMAT_SECURITY
-- Performing Test HAVE_CXX_WERROR_FORMAT_SECURITY - Success
-- Performing Test HAVE_C_WERROR_FORMAT_SECURITY
-- Performing Test HAVE_C_WERROR_FORMAT_SECURITY - Success
-- Performing Test HAVE_CXX_WMISSING_DECLARATIONS
-- Performing Test HAVE_CXX_WMISSING_DECLARATIONS - Success
-- Performing Test HAVE_C_WMISSING_DECLARATIONS
-- Performing Test HAVE_C_WMISSING_DECLARATIONS - Success
-- Performing Test HAVE_CXX_WMISSING_PROTOTYPES
-- Performing Test HAVE_CXX_WMISSING_PROTOTYPES - Success
-- Performing Test HAVE_C_WMISSING_PROTOTYPES
-- Performing Test HAVE_C_WMISSING_PROTOTYPES - Success
-- Performing Test HAVE_CXX_WSTRICT_PROTOTYPES
-- Performing Test HAVE_CXX_WSTRICT_PROTOTYPES - Success
-- Performing Test HAVE_C_WSTRICT_PROTOTYPES
-- Performing Test HAVE_C_WSTRICT_PROTOTYPES - Success
-- Performing Test HAVE_CXX_WUNDEF
-- Performing Test HAVE_CXX_WUNDEF - Success
-- Performing Test HAVE_C_WUNDEF
-- Performing Test HAVE_C_WUNDEF - Success
-- Performing Test HAVE_CXX_WINIT_SELF
-- Performing Test HAVE_CXX_WINIT_SELF - Success
-- Performing Test HAVE_C_WINIT_SELF
-- Performing Test HAVE_C_WINIT_SELF - Success
-- Performing Test HAVE_CXX_WPOINTER_ARITH
-- Performing Test HAVE_CXX_WPOINTER_ARITH - Success
-- Performing Test HAVE_C_WPOINTER_ARITH
-- Performing Test HAVE_C_WPOINTER_ARITH - Success
-- Performing Test HAVE_CXX_WSHADOW
-- Performing Test HAVE_CXX_WSHADOW - Success
-- Performing Test HAVE_C_WSHADOW
-- Performing Test HAVE_C_WSHADOW - Success
-- Performing Test HAVE_CXX_WSIGN_PROMO
-- Performing Test HAVE_CXX_WSIGN_PROMO - Success
-- Performing Test HAVE_C_WSIGN_PROMO
-- Performing Test HAVE_C_WSIGN_PROMO - Success
-- Performing Test HAVE_CXX_WUNINITIALIZED
-- Performing Test HAVE_CXX_WUNINITIALIZED - Success
-- Performing Test HAVE_C_WUNINITIALIZED
-- Performing Test HAVE_C_WUNINITIALIZED - Success
-- Performing Test HAVE_CXX_WNO_DELETE_NON_VIRTUAL_DTOR
-- Performing Test HAVE_CXX_WNO_DELETE_NON_VIRTUAL_DTOR - Success
-- Performing Test HAVE_C_WNO_DELETE_NON_VIRTUAL_DTOR
-- Performing Test HAVE_C_WNO_DELETE_NON_VIRTUAL_DTOR - Success
-- Performing Test HAVE_CXX_WNO_UNNAMED_TYPE_TEMPLATE_ARGS
-- Performing Test HAVE_CXX_WNO_UNNAMED_TYPE_TEMPLATE_ARGS - Success
-- Performing Test HAVE_C_WNO_UNNAMED_TYPE_TEMPLATE_ARGS
-- Performing Test HAVE_C_WNO_UNNAMED_TYPE_TEMPLATE_ARGS - Success
-- Performing Test HAVE_CXX_WNO_COMMENT
-- Performing Test HAVE_CXX_WNO_COMMENT - Success
-- Performing Test HAVE_C_WNO_COMMENT
-- Performing Test HAVE_C_WNO_COMMENT - Success
-- Performing Test HAVE_CXX_FDIAGNOSTICS_SHOW_OPTION
-- Performing Test HAVE_CXX_FDIAGNOSTICS_SHOW_OPTION - Success
-- Performing Test HAVE_C_FDIAGNOSTICS_SHOW_OPTION
-- Performing Test HAVE_C_FDIAGNOSTICS_SHOW_OPTION - Success
-- Performing Test HAVE_CXX_WNO_LONG_LONG
-- Performing Test HAVE_CXX_WNO_LONG_LONG - Success
-- Performing Test HAVE_C_WNO_LONG_LONG
-- Performing Test HAVE_C_WNO_LONG_LONG - Success
-- Performing Test HAVE_CXX_QUNUSED_ARGUMENTS
-- Performing Test HAVE_CXX_QUNUSED_ARGUMENTS - Success
-- Performing Test HAVE_C_QUNUSED_ARGUMENTS
-- Performing Test HAVE_C_QUNUSED_ARGUMENTS - Success
-- Performing Test HAVE_CXX_WNO_SEMICOLON_BEFORE_METHOD_BODY
-- Performing Test HAVE_CXX_WNO_SEMICOLON_BEFORE_METHOD_BODY - Success
-- Performing Test HAVE_C_WNO_SEMICOLON_BEFORE_METHOD_BODY
-- Performing Test HAVE_C_WNO_SEMICOLON_BEFORE_METHOD_BODY - Success
-- Performing Test HAVE_CXX_FFUNCTION_SECTIONS
-- Performing Test HAVE_CXX_FFUNCTION_SECTIONS - Success
-- Performing Test HAVE_C_FFUNCTION_SECTIONS
-- Performing Test HAVE_C_FFUNCTION_SECTIONS - Success
-- Performing Test HAVE_CXX_FDATA_SECTIONS
-- Performing Test HAVE_CXX_FDATA_SECTIONS - Success
-- Performing Test HAVE_C_FDATA_SECTIONS
-- Performing Test HAVE_C_FDATA_SECTIONS - Success
-- Performing Test HAVE_CPU_SSE_SUPPORT (check file: cmake/checks/cpu_sse.cpp)
-- Performing Test HAVE_CPU_SSE_SUPPORT - Success
-- Performing Test HAVE_CPU_SSE2_SUPPORT (check file: cmake/checks/cpu_sse2.cpp)
-- Performing Test HAVE_CPU_SSE2_SUPPORT - Success
-- Performing Test HAVE_CPU_SSE3_SUPPORT (check file: cmake/checks/cpu_sse3.cpp)
-- Performing Test HAVE_CPU_SSE3_SUPPORT - Success
-- Performing Test HAVE_CPU_SSSE3_SUPPORT (check file: cmake/checks/cpu_ssse3.cpp)
-- Performing Test HAVE_CPU_SSSE3_SUPPORT - Success
-- Performing Test HAVE_CPU_SSE4_1_SUPPORT (check file: cmake/checks/cpu_sse41.cpp)
-- Performing Test HAVE_CPU_SSE4_1_SUPPORT - Success
-- Performing Test HAVE_CPU_POPCNT_SUPPORT (check file: cmake/checks/cpu_popcnt.cpp)
-- Performing Test HAVE_CPU_POPCNT_SUPPORT - Failed
-- Performing Test HAVE_CXX_MPOPCNT (check file: cmake/checks/cpu_popcnt.cpp)
-- Performing Test HAVE_CXX_MPOPCNT - Success
-- Performing Test HAVE_CPU_SSE4_2_SUPPORT (check file: cmake/checks/cpu_sse42.cpp)
-- Performing Test HAVE_CPU_SSE4_2_SUPPORT - Failed
-- Performing Test HAVE_CXX_MSSE4_2 (check file: cmake/checks/cpu_sse42.cpp)
-- Performing Test HAVE_CXX_MSSE4_2 - Success
-- Performing Test HAVE_CPU_FP16_SUPPORT (check file: cmake/checks/cpu_fp16.cpp)
-- Performing Test HAVE_CPU_FP16_SUPPORT - Failed
-- Performing Test HAVE_CXX_MF16C (check file: cmake/checks/cpu_fp16.cpp)
-- Performing Test HAVE_CXX_MF16C - Success
-- Performing Test HAVE_CXX_MFMA
-- Performing Test HAVE_CXX_MFMA - Success
-- Performing Test HAVE_CPU_AVX_SUPPORT (check file: cmake/checks/cpu_avx.cpp)
-- Performing Test HAVE_CPU_AVX_SUPPORT - Failed
-- Performing Test HAVE_CXX_MAVX (check file: cmake/checks/cpu_avx.cpp)
-- Performing Test HAVE_CXX_MAVX - Success
-- Performing Test HAVE_CPU_AVX2_SUPPORT (check file: cmake/checks/cpu_avx2.cpp)
-- Performing Test HAVE_CPU_AVX2_SUPPORT - Failed
-- Performing Test HAVE_CXX_MAVX2 (check file: cmake/checks/cpu_avx2.cpp)
-- Performing Test HAVE_CXX_MAVX2 - Success
-- Performing Test HAVE_CPU_AVX_512F_SUPPORT (check file: cmake/checks/cpu_avx512.cpp)
-- Performing Test HAVE_CPU_AVX_512F_SUPPORT - Failed
-- Performing Test HAVE_CXX_MAVX512F (check file: cmake/checks/cpu_avx512.cpp)
-- Performing Test HAVE_CXX_MAVX512F - Success
-- Performing Test HAVE_CPU_AVX512_SKX_SUPPORT (check file: cmake/checks/cpu_avx512skx.cpp)
-- Performing Test HAVE_CPU_AVX512_SKX_SUPPORT - Failed
-- Performing Test HAVE_CXX_MAVX512F_MAVX512CD_MAVX512VL_MAVX512BW_MAVX512DQ (check file: cmake/checks/cpu_avx512skx.cpp)
-- Performing Test HAVE_CXX_MAVX512F_MAVX512CD_MAVX512VL_MAVX512BW_MAVX512DQ - Success
-- Performing Test HAVE_CPU_BASELINE_FLAGS
-- Performing Test HAVE_CPU_BASELINE_FLAGS - Success
-- Performing Test HAVE_CPU_DISPATCH_FLAGS_SSE4_2
-- Performing Test HAVE_CPU_DISPATCH_FLAGS_SSE4_2 - Success
-- Performing Test HAVE_CPU_DISPATCH_FLAGS_FP16
-- Performing Test HAVE_CPU_DISPATCH_FLAGS_FP16 - Success
-- Performing Test HAVE_CPU_DISPATCH_FLAGS_AVX
-- Performing Test HAVE_CPU_DISPATCH_FLAGS_AVX - Success
-- Performing Test HAVE_CPU_DISPATCH_FLAGS_AVX2
-- Performing Test HAVE_CPU_DISPATCH_FLAGS_AVX2 - Success
-- Performing Test HAVE_CPU_DISPATCH_FLAGS_AVX512_SKX
-- Performing Test HAVE_CPU_DISPATCH_FLAGS_AVX512_SKX - Success
-- Performing Test HAVE_CXX_FVISIBILITY_HIDDEN
-- Performing Test HAVE_CXX_FVISIBILITY_HIDDEN - Success
-- Performing Test HAVE_C_FVISIBILITY_HIDDEN
-- Performing Test HAVE_C_FVISIBILITY_HIDDEN - Success
-- Performing Test HAVE_CXX_FVISIBILITY_INLINES_HIDDEN
-- Performing Test HAVE_CXX_FVISIBILITY_INLINES_HIDDEN - Success
-- Performing Test HAVE_C_FVISIBILITY_INLINES_HIDDEN
-- Performing Test HAVE_C_FVISIBILITY_INLINES_HIDDEN - Success
-- Looking for posix_memalign
-- Looking for posix_memalign - found
-- Looking for malloc.h
-- Looking for malloc.h - not found
-- Check if the system is big endian
-- Searching 16 bit integer
-- Looking for sys/types.h
-- Looking for sys/types.h - found
-- Looking for stdint.h
-- Looking for stdint.h - found
-- Looking for stddef.h
-- Looking for stddef.h - found
-- Check size of unsigned short
-- Check size of unsigned short - done
-- Searching 16 bit integer - Using unsigned short
-- Check if the system is big endian - little endian
-- Looking for fseeko
-- Looking for fseeko - found
-- Looking for unistd.h
-- Looking for unistd.h - found
-- Check size of off64_t
-- Check size of off64_t - failed
-- Performing Test HAVE_C_WNO_SHORTEN_64_TO_32
-- Performing Test HAVE_C_WNO_SHORTEN_64_TO_32 - Success
-- Performing Test HAVE_C_WNO_ATTRIBUTES
-- Performing Test HAVE_C_WNO_ATTRIBUTES - Success
-- Performing Test HAVE_C_WNO_STRICT_PROTOTYPES
-- Performing Test HAVE_C_WNO_STRICT_PROTOTYPES - Success
-- Performing Test HAVE_C_WNO_MISSING_PROTOTYPES
-- Performing Test HAVE_C_WNO_MISSING_PROTOTYPES - Success
-- Performing Test HAVE_C_WNO_MISSING_DECLARATIONS
-- Performing Test HAVE_C_WNO_MISSING_DECLARATIONS - Success
-- Performing Test HAVE_C_WNO_SHIFT_NEGATIVE_VALUE
-- Performing Test HAVE_C_WNO_SHIFT_NEGATIVE_VALUE - Success
-- Performing Test HAVE_C_WNO_UNDEF
-- Performing Test HAVE_C_WNO_UNDEF - Success
-- Performing Test HAVE_C_WNO_IMPLICIT_FALLTHROUGH
-- Performing Test HAVE_C_WNO_IMPLICIT_FALLTHROUGH - Success
-- Performing Test HAVE_C_WNO_UNUSED_PARAMETER
-- Performing Test HAVE_C_WNO_UNUSED_PARAMETER - Success
-- Performing Test HAVE_C_WNO_SIGN_COMPARE
-- Performing Test HAVE_C_WNO_SIGN_COMPARE - Success
-- libjpeg-turbo: VERSION = 2.0.2, BUILD = opencv-3.4.6-libjpeg-turbo
-- Check size of size_t
-- Check size of size_t - done
-- Check size of unsigned long
-- Check size of unsigned long - done
-- Performing Test HAVE_BUILTIN_CTZL
-- Performing Test HAVE_BUILTIN_CTZL - Success
-- Looking for include file locale.h
-- Looking for include file locale.h - found
-- Looking for include file stdlib.h
-- Looking for include file stdlib.h - found
-- Looking for include file sys/types.h
-- Looking for include file sys/types.h - found
-- Looking for assert.h
-- Looking for assert.h - found
-- Looking for dlfcn.h
-- Looking for dlfcn.h - found
-- Looking for fcntl.h
-- Looking for fcntl.h - found
-- Looking for inttypes.h
-- Looking for inttypes.h - found
-- Looking for io.h
-- Looking for io.h - not found
-- Looking for limits.h
-- Looking for limits.h - found
-- Looking for memory.h
-- Looking for memory.h - found
-- Looking for search.h
-- Looking for search.h - found
-- Looking for string.h
-- Looking for string.h - found
-- Looking for strings.h
-- Looking for strings.h - found
-- Looking for sys/time.h
-- Looking for sys/time.h - found
-- Looking for unistd.h
-- Looking for unistd.h - found
-- Performing Test C_HAS_inline
-- Performing Test C_HAS_inline - Success
-- Check size of signed short
-- Check size of signed short - done
-- Check size of unsigned short
-- Check size of unsigned short - done
-- Check size of signed int
-- Check size of signed int - done
-- Check size of unsigned int
-- Check size of unsigned int - done
-- Check size of signed long
-- Check size of signed long - done
-- Check size of signed long long
-- Check size of signed long long - done
-- Check size of unsigned long long
-- Check size of unsigned long long - done
-- Check size of unsigned char *
-- Check size of unsigned char * - done
-- Check size of ptrdiff_t
-- Check size of ptrdiff_t - done
-- Check size of INT8
-- Check size of INT8 - failed
-- Check size of INT16
-- Check size of INT16 - failed
-- Check size of INT32
-- Check size of INT32 - failed
-- Looking for floor
-- Looking for floor - found
-- Looking for pow
-- Looking for pow - found
-- Looking for sqrt
-- Looking for sqrt - found
-- Looking for isascii
-- Looking for isascii - found
-- Looking for memset
-- Looking for memset - found
-- Looking for mmap
-- Looking for mmap - found
-- Looking for getopt
-- Looking for getopt - found
-- Looking for memmove
-- Looking for memmove - found
-- Looking for setmode
-- Looking for setmode - found
-- Looking for strcasecmp
-- Looking for strcasecmp - found
-- Looking for strchr
-- Looking for strchr - found
-- Looking for strrchr
-- Looking for strrchr - found
-- Looking for strstr
-- Looking for strstr - found
-- Looking for strtol
-- Looking for strtol - found
-- Looking for strtol
-- Looking for strtol - found
-- Looking for strtoull
-- Looking for strtoull - found
-- Looking for lfind
-- Looking for lfind - found
-- Performing Test HAVE_SNPRINTF
-- Performing Test HAVE_SNPRINTF - Success
-- Check if the system is big endian
-- Searching 16 bit integer
-- Searching 16 bit integer - Using unsigned short
-- Check if the system is big endian - little endian
-- Performing Test HAVE_C_WNO_UNUSED_BUT_SET_VARIABLE
-- Performing Test HAVE_C_WNO_UNUSED_BUT_SET_VARIABLE - Failed
-- Performing Test HAVE_C_WNO_UNUSED
-- Performing Test HAVE_C_WNO_UNUSED - Success
-- Performing Test HAVE_C_WNO_CAST_ALIGN
-- Performing Test HAVE_C_WNO_CAST_ALIGN - Success
-- Performing Test HAVE_C_WNO_SHADOW
-- Performing Test HAVE_C_WNO_SHADOW - Success
-- Performing Test HAVE_C_WNO_MAYBE_UNINITIALIZED
-- Performing Test HAVE_C_WNO_MAYBE_UNINITIALIZED - Failed
-- Performing Test HAVE_C_WNO_POINTER_TO_INT_CAST
-- Performing Test HAVE_C_WNO_POINTER_TO_INT_CAST - Success
-- Performing Test HAVE_C_WNO_INT_TO_POINTER_CAST
-- Performing Test HAVE_C_WNO_INT_TO_POINTER_CAST - Success
-- Performing Test HAVE_C_WNO_MISLEADING_INDENTATION
-- Performing Test HAVE_C_WNO_MISLEADING_INDENTATION - Failed
-- Performing Test HAVE_CXX_WNO_MISSING_DECLARATIONS
-- Performing Test HAVE_CXX_WNO_MISSING_DECLARATIONS - Success
-- Performing Test HAVE_CXX_WNO_UNUSED_PARAMETER
-- Performing Test HAVE_CXX_WNO_UNUSED_PARAMETER - Success
-- Performing Test HAVE_CXX_WNO_MISSING_PROTOTYPES
-- Performing Test HAVE_CXX_WNO_MISSING_PROTOTYPES - Success
-- Performing Test HAVE_CXX_WNO_UNDEF
-- Performing Test HAVE_CXX_WNO_UNDEF - Success
-- Performing Test HAVE_C_WNO_UNUSED_VARIABLE
-- Performing Test HAVE_C_WNO_UNUSED_VARIABLE - Success
-- Performing Test HAVE_C_WNO_UNUSED_FUNCTION
-- Performing Test HAVE_C_WNO_UNUSED_FUNCTION - Success
-- Performing Test HAVE_C_WNO_IMPLICIT_FUNCTION_DECLARATION
-- Performing Test HAVE_C_WNO_IMPLICIT_FUNCTION_DECLARATION - Success
-- Performing Test HAVE_C_WNO_UNINITIALIZED
-- Performing Test HAVE_C_WNO_UNINITIALIZED - Success
-- Performing Test HAVE_C_WNO_UNUSED_BUT_SET_PARAMETER
-- Performing Test HAVE_C_WNO_UNUSED_BUT_SET_PARAMETER - Failed
-- Performing Test HAVE_C_WNO_STRICT_OVERFLOW
-- Performing Test HAVE_C_WNO_STRICT_OVERFLOW - Success
-- Performing Test HAVE_C_WNO_POINTER_COMPARE
-- Performing Test HAVE_C_WNO_POINTER_COMPARE - Failed
-- Performing Test HAVE_C_WNO_ABSOLUTE_VALUE
-- Performing Test HAVE_C_WNO_ABSOLUTE_VALUE - Success
-- Performing Test HAVE_CXX_WNO_SHADOW
-- Performing Test HAVE_CXX_WNO_SHADOW - Success
-- Performing Test HAVE_CXX_WNO_UNUSED
-- Performing Test HAVE_CXX_WNO_UNUSED - Success
-- Performing Test HAVE_CXX_WNO_SIGN_COMPARE
-- Performing Test HAVE_CXX_WNO_SIGN_COMPARE - Success
-- Performing Test HAVE_CXX_WNO_UNINITIALIZED
-- Performing Test HAVE_CXX_WNO_UNINITIALIZED - Success
-- Performing Test HAVE_CXX_WNO_SWITCH
-- Performing Test HAVE_CXX_WNO_SWITCH - Success
-- Performing Test HAVE_CXX_WNO_PARENTHESES
-- Performing Test HAVE_CXX_WNO_PARENTHESES - Success
-- Performing Test HAVE_CXX_WNO_ARRAY_BOUNDS
-- Performing Test HAVE_CXX_WNO_ARRAY_BOUNDS - Success
-- Performing Test HAVE_CXX_WNO_EXTRA
-- Performing Test HAVE_CXX_WNO_EXTRA - Success
-- Performing Test HAVE_CXX_WNO_DEPRECATED_DECLARATIONS
-- Performing Test HAVE_CXX_WNO_DEPRECATED_DECLARATIONS - Success
-- Performing Test HAVE_CXX_WNO_MISLEADING_INDENTATION
-- Performing Test HAVE_CXX_WNO_MISLEADING_INDENTATION - Failed
-- Performing Test HAVE_CXX_WNO_DEPRECATED
-- Performing Test HAVE_CXX_WNO_DEPRECATED - Success
-- Performing Test HAVE_CXX_WNO_SUGGEST_OVERRIDE
-- Performing Test HAVE_CXX_WNO_SUGGEST_OVERRIDE - Failed
-- Performing Test HAVE_CXX_WNO_INCONSISTENT_MISSING_OVERRIDE
-- Performing Test HAVE_CXX_WNO_INCONSISTENT_MISSING_OVERRIDE - Success
-- Performing Test HAVE_CXX_WNO_IMPLICIT_FALLTHROUGH
-- Performing Test HAVE_CXX_WNO_IMPLICIT_FALLTHROUGH - Success
-- Checking for module 'gstreamer-base-1.0'
--   No package 'gstreamer-base-1.0' found
-- Checking for module 'gstreamer-video-1.0'
--   No package 'gstreamer-video-1.0' found
-- Checking for module 'gstreamer-app-1.0'
--   No package 'gstreamer-app-1.0' found
-- Checking for module 'gstreamer-riff-1.0'
--   No package 'gstreamer-riff-1.0' found
-- Checking for module 'gstreamer-pbutils-1.0'
--   No package 'gstreamer-pbutils-1.0' found
-- Checking for module 'gstreamer-base-0.10'
--   No package 'gstreamer-base-0.10' found
-- Checking for module 'gstreamer-video-0.10'
--   No package 'gstreamer-video-0.10' found
-- Checking for module 'gstreamer-app-0.10'
--   No package 'gstreamer-app-0.10' found
-- Checking for module 'gstreamer-riff-0.10'
--   No package 'gstreamer-riff-0.10' found
-- Checking for module 'gstreamer-pbutils-0.10'
--   No package 'gstreamer-pbutils-0.10' found
-- Checking for module 'libdc1394-2'
--   No package 'libdc1394-2' found
-- Checking for module 'libdc1394'
--   No package 'libdc1394' found
-- Checking for modules 'libavcodec;libavformat;libavutil;libswscale'
--   Found libavcodec, version 58.91.100
--   Found libavformat, version 58.45.100
--   Found libavutil, version 56.51.100
--   Found libswscale, version 5.7.100
-- Checking for module 'libavresample'
--   Found libavresample, version 4.0.0
-- IPPICV: Download: ippicv_2019_mac_intel64_general_20180723.tgz
-- found Intel IPP (ICV version): 2019.0.0 [2019.0.0 Gold]
-- at: /Users/sharadroychoudhury/Dropbox/My Mac (sharad’s MacBook Air)/Desktop/project/angular_codebase/gesture-recognition-model/node_modules/opencv-build/opencv/build/3rdparty/ippicv/ippicv_mac/icv
-- found Intel IPP Integration Wrappers sources: 2019.0.0
-- at: /Users/sharadroychoudhury/Dropbox/My Mac (sharad’s MacBook Air)/Desktop/project/angular_codebase/gesture-recognition-model/node_modules/opencv-build/opencv/build/3rdparty/ippicv/ippicv_mac/iw
-- Could not find OpenBLAS include. Turning OpenBLAS_FOUND off
-- Could not find OpenBLAS lib. Turning OpenBLAS_FOUND off
-- Could NOT find Atlas (missing: Atlas_CBLAS_INCLUDE_DIR Atlas_CLAPACK_INCLUDE_DIR Atlas_BLAS_LIBRARY)
-- Looking for sgemm_
-- Looking for sgemm_ - not found
-- Looking for pthread.h
-- Looking for pthread.h - found
-- Performing Test CMAKE_HAVE_LIBC_PTHREAD
-- Performing Test CMAKE_HAVE_LIBC_PTHREAD - Success
-- Found Threads: TRUE
-- Looking for dgemm_
-- Looking for dgemm_ - found
-- Found BLAS: /Library/Developer/CommandLineTools/SDKs/MacOSX10.14.sdk/System/Library/Frameworks/Accelerate.framework
-- Looking for cheev_
-- Looking for cheev_ - found
-- A library with LAPACK API found.
-- LAPACK(LAPACK/Apple): LAPACK_LIBRARIES: /Library/Developer/CommandLineTools/SDKs/MacOSX10.14.sdk/System/Library/Frameworks/Accelerate.framework;-lm;-ldl
-- Looking for Accelerate/Accelerate.h
-- Looking for Accelerate/Accelerate.h - found
-- Looking for Accelerate/Accelerate.h
-- Looking for Accelerate/Accelerate.h - found
-- LAPACK(LAPACK/Apple): Support is enabled.
-- Performing Test HAVE_CXX_WNO_UNUSED_LOCAL_TYPEDEFS
-- Performing Test HAVE_CXX_WNO_UNUSED_LOCAL_TYPEDEFS - Success
-- Performing Test HAVE_CXX_WNO_SIGN_PROMO
-- Performing Test HAVE_CXX_WNO_SIGN_PROMO - Success
-- Performing Test HAVE_CXX_WNO_TAUTOLOGICAL_UNDEFINED_COMPARE
-- Performing Test HAVE_CXX_WNO_TAUTOLOGICAL_UNDEFINED_COMPARE - Success
-- Performing Test HAVE_CXX_WNO_IGNORED_QUALIFIERS
-- Performing Test HAVE_CXX_WNO_IGNORED_QUALIFIERS - Success
-- Performing Test HAVE_CXX_WNO_UNUSED_FUNCTION
-- Performing Test HAVE_CXX_WNO_UNUSED_FUNCTION - Success
-- Performing Test HAVE_CXX_WNO_UNUSED_CONST_VARIABLE
-- Performing Test HAVE_CXX_WNO_UNUSED_CONST_VARIABLE - Success
-- Performing Test HAVE_CXX_WNO_SHORTEN_64_TO_32
-- Performing Test HAVE_CXX_WNO_SHORTEN_64_TO_32 - Success
-- Performing Test HAVE_CXX_WNO_INVALID_OFFSETOF
-- Performing Test HAVE_CXX_WNO_INVALID_OFFSETOF - Success
-- Performing Test HAVE_CXX_WNO_ENUM_COMPARE_SWITCH
-- Performing Test HAVE_CXX_WNO_ENUM_COMPARE_SWITCH - Success
-- Looking for dlerror in dl
-- Looking for dlerror in dl - found
-- OpenCV Python: during development append to PYTHONPATH: /Users/sharadroychoudhury/Dropbox/My Mac (sharad’s MacBook Air)/Desktop/project/angular_codebase/gesture-recognition-model/node_modules/opencv-build/opencv/build/python_loader
-- Caffe:   NO
-- Protobuf:   NO
-- Glog:   YES
-- Checking for one of the modules 'freetype2'
-- Checking for one of the modules 'harfbuzz'
-- freetype2:   YES
-- harfbuzz:    YES
/usr/local/bin/h5cc: eval: line 388: syntax error near unexpected token `('
/usr/local/bin/h5cc: eval: line 388: `clang -I/usr/local/opt/szip/include /Users/sharadroychoudhury/Dropbox/My Mac (sharad’s MacBook Air)/Desktop/project/angular_codebase/gesture-recognition-model/node_modules/opencv-build/opencv/build/modules/.firstpass/hdf/CMakeFiles/hdf5/cmake_hdf5_test.c -L/usr/local/Cellar/hdf5/1.12.0_1/lib /usr/local/Cellar/hdf5/1.12.0_1/lib/libhdf5_hl.a /usr/local/Cellar/hdf5/1.12.0_1/lib/libhdf5.a -L/usr/local/opt/szip/lib -lsz -lz -ldl -lm'
-- HDF5 C compiler wrapper is unable to compile a minimal HDF5 program.
-- Found HDF5: /usr/local/lib/libhdf5.dylib (found version "1.12.0")
-- Module opencv_ovis disabled because OGRE3D was not found
-- No preference for use of exported gflags CMake configuration set, and no hints for include/library directories provided. Defaulting to preferring an installed/exported gflags CMake configuration if available.
-- Found installed version of gflags: /usr/local/lib/cmake/gflags
-- Detected gflags version: 2.2.2
-- Found installed version of Eigen: /usr/local/share/eigen3/cmake
-- Found required Ceres dependency: Eigen version 3.3.8 in /usr/local/include/eigen3
-- Found required Ceres dependency: glog
-- Found installed version of gflags: /usr/local/lib/cmake/gflags
-- Detected gflags version: 2.2.2
-- Found required Ceres dependency: gflags
-- Found Ceres version: 1.14.0 installed in: /usr/local with components: [EigenSparse, SparseLinearAlgebraLibrary, LAPACK, SuiteSparse, CXSparse, SchurSpecializations]
-- Checking SFM deps... TRUE
-- Module opencv_python2 disabled because opencv_python_bindings_generator dependency can't be resolved!
/usr/local/bin/h5cc: eval: line 388: syntax error near unexpected token `('
/usr/local/bin/h5cc: eval: line 388: `clang -I/usr/local/opt/szip/include /Users/sharadroychoudhury/Dropbox/My Mac (sharad’s MacBook Air)/Desktop/project/angular_codebase/gesture-recognition-model/node_modules/opencv-build/opencv/build/modules/hdf/CMakeFiles/hdf5/cmake_hdf5_test.c -L/usr/local/Cellar/hdf5/1.12.0_1/lib /usr/local/Cellar/hdf5/1.12.0_1/lib/libhdf5_hl.a /usr/local/Cellar/hdf5/1.12.0_1/lib/libhdf5.a -L/usr/local/opt/szip/lib -lsz -lz -ldl -lm'
-- HDF5 C compiler wrapper is unable to compile a minimal HDF5 program.
-- Registering hook 'INIT_MODULE_SOURCES_opencv_dnn': /Users/sharadroychoudhury/Dropbox/My Mac (sharad’s MacBook Air)/Desktop/project/angular_codebase/gesture-recognition-model/node_modules/opencv-build/opencv/opencv/modules/dnn/cmake/hooks/INIT_MODULE_SOURCES_opencv_dnn.cmake
-- opencv_dnn: filter out ocl4dnn source code
-- freetype2:   YES
-- harfbuzz:    YES
-- Performing Test HAVE_OBJCXX_FOBJC_EXCEPTIONS
-- Performing Test HAVE_OBJCXX_FOBJC_EXCEPTIONS - Success
-- Checking for modules 'tesseract;lept'
--   Found tesseract, version 4.1.1
--   Found lept, version 1.80.0
-- Tesseract:   YES
-- xfeatures2d/boostdesc: Download: boostdesc_bgm.i
-- xfeatures2d/boostdesc: Download: boostdesc_bgm_bi.i
-- xfeatures2d/boostdesc: Download: boostdesc_bgm_hd.i
-- xfeatures2d/boostdesc: Download: boostdesc_binboost_064.i
-- xfeatures2d/boostdesc: Download: boostdesc_binboost_128.i
-- xfeatures2d/boostdesc: Download: boostdesc_binboost_256.i
-- xfeatures2d/boostdesc: Download: boostdesc_lbgm.i
-- xfeatures2d/vgg: Download: vgg_generated_48.i
-- xfeatures2d/vgg: Download: vgg_generated_64.i
-- xfeatures2d/vgg: Download: vgg_generated_80.i
-- xfeatures2d/vgg: Download: vgg_generated_120.i
-- data: Download: face_landmark_model.dat
-- No preference for use of exported gflags CMake configuration set, and no hints for include/library directories provided. Defaulting to preferring an installed/exported gflags CMake configuration if available.
-- Found installed version of gflags: /usr/local/lib/cmake/gflags
-- Detected gflags version: 2.2.2
-- Found installed version of Eigen: /usr/local/share/eigen3/cmake
-- Found required Ceres dependency: Eigen version 3.3.8 in /usr/local/include/eigen3
-- Found required Ceres dependency: glog
-- Found installed version of gflags: /usr/local/lib/cmake/gflags
-- Detected gflags version: 2.2.2
-- Found required Ceres dependency: gflags
-- Found Ceres version: 1.14.0 installed in: /usr/local with components: [EigenSparse, SparseLinearAlgebraLibrary, LAPACK, SuiteSparse, CXSparse, SchurSpecializations]
-- Checking SFM deps... TRUE
-- Performing Test HAVE_CXX_WNO_UNUSED_BUT_SET_VARIABLE
-- Performing Test HAVE_CXX_WNO_UNUSED_BUT_SET_VARIABLE - Failed
--
-- General configuration for OpenCV 3.4.6 =====================================
--   Version control:               3.4.6
--
--   Extra modules:
--     Location (extra):            /Users/sharadroychoudhury/Dropbox/My Mac (sharad’s MacBook Air)/Desktop/project/angular_codebase/gesture-recognition-model/node_modules/opencv-build/opencv/opencv_contrib/modules
--     Version control (extra):     3.4.6
--
--   Platform:
--     Timestamp:                   2020-10-13T08:22:03Z
--     Host:                        Darwin 18.2.0 x86_64
--     CMake:                       3.18.4
--     CMake generator:             Unix Makefiles
--     CMake build tool:            /usr/bin/make
--     Configuration:               Release
--
--   CPU/HW features:
--     Baseline:                    SSE SSE2 SSE3 SSSE3 SSE4_1
--       requested:                 DETECT
--     Dispatched code generation:  SSE4_2 FP16 AVX AVX2 AVX512_SKX
--       requested:                 SSE4_1 SSE4_2 AVX FP16 AVX2 AVX512_SKX
--       SSE4_2 (1 files):          + POPCNT SSE4_2
--       FP16 (0 files):            + POPCNT SSE4_2 FP16 AVX
--       AVX (5 files):             + POPCNT SSE4_2 AVX
--       AVX2 (26 files):           + POPCNT SSE4_2 FP16 FMA3 AVX AVX2
--       AVX512_SKX (2 files):      + POPCNT SSE4_2 FP16 FMA3 AVX AVX2 AVX_512F AVX512_SKX
--
--   C/C++:
--     Built as dynamic libs?:      YES
--     C++ Compiler:                /Library/Developer/CommandLineTools/usr/bin/c++  (ver 10.0.1.10010046)
--     C++ flags (Release):         -fsigned-char -W -Wall -Werror=return-type -Werror=non-virtual-dtor -Werror=address -Werror=sequence-point -Wformat -Werror=format-security -Wmissing-declarations -Wmissing-prototypes -Wstrict-prototypes -Wundef -Winit-self -Wpointer-arith -Wshadow -Wsign-promo -Wuninitialized -Winit-self -Wno-delete-non-virtual-dtor -Wno-unnamed-type-template-args -Wno-comment -fdiagnostics-show-option -Wno-long-long -Qunused-arguments -Wno-semicolon-before-method-body -ffunction-sections -fdata-sections  -fvisibility=hidden -fvisibility-inlines-hidden -O3 -DNDEBUG  -DNDEBUG
--     C++ flags (Debug):           -fsigned-char -W -Wall -Werror=return-type -Werror=non-virtual-dtor -Werror=address -Werror=sequence-point -Wformat -Werror=format-security -Wmissing-declarations -Wmissing-prototypes -Wstrict-prototypes -Wundef -Winit-self -Wpointer-arith -Wshadow -Wsign-promo -Wuninitialized -Winit-self -Wno-delete-non-virtual-dtor -Wno-unnamed-type-template-args -Wno-comment -fdiagnostics-show-option -Wno-long-long -Qunused-arguments -Wno-semicolon-before-method-body -ffunction-sections -fdata-sections  -fvisibility=hidden -fvisibility-inlines-hidden -g  -O0 -DDEBUG -D_DEBUG
--     C Compiler:                  /Library/Developer/CommandLineTools/usr/bin/cc
--     C flags (Release):           -fsigned-char -W -Wall -Werror=return-type -Werror=non-virtual-dtor -Werror=address -Werror=sequence-point -Wformat -Werror=format-security -Wmissing-declarations -Wmissing-prototypes -Wstrict-prototypes -Wundef -Winit-self -Wpointer-arith -Wshadow -Wsign-promo -Wuninitialized -Winit-self -Wno-delete-non-virtual-dtor -Wno-unnamed-type-template-args -Wno-comment -fdiagnostics-show-option -Wno-long-long -Qunused-arguments -Wno-semicolon-before-method-body -ffunction-sections -fdata-sections  -fvisibility=hidden -fvisibility-inlines-hidden -O3 -DNDEBUG  -DNDEBUG
--     C flags (Debug):             -fsigned-char -W -Wall -Werror=return-type -Werror=non-virtual-dtor -Werror=address -Werror=sequence-point -Wformat -Werror=format-security -Wmissing-declarations -Wmissing-prototypes -Wstrict-prototypes -Wundef -Winit-self -Wpointer-arith -Wshadow -Wsign-promo -Wuninitialized -Winit-self -Wno-delete-non-virtual-dtor -Wno-unnamed-type-template-args -Wno-comment -fdiagnostics-show-option -Wno-long-long -Qunused-arguments -Wno-semicolon-before-method-body -ffunction-sections -fdata-sections  -fvisibility=hidden -fvisibility-inlines-hidden -g  -O0 -DDEBUG -D_DEBUG
--     Linker flags (Release):      -Wl,-dead_strip
--     Linker flags (Debug):        -Wl,-dead_strip
--     ccache:                      NO
--     Precompiled headers:         NO
--     Extra dependencies:
--     3rdparty dependencies:
--
--   OpenCV modules:
--     To be built:                 calib3d core dnn face features2d flann freetype hdf highgui imgcodecs imgproc ml objdetect photo plot sfm text tracking video videoio videostab xfeatures2d ximgproc
--     Disabled:                    aruco bgsegm bioinspired ccalib datasets dnn_objdetect dpm fuzzy hfs img_hash java_bindings_generator line_descriptor optflow phase_unwrapping python3 python_bindings_generator reg rgbd saliency shape stereo stitching structured_light superres surface_matching world xobjdetect xphoto
--     Disabled by dependency:      python2
--     Unavailable:                 cnn_3dobj cudaarithm cudabgsegm cudacodec cudafeatures2d cudafilters cudaimgproc cudalegacy cudaobjdetect cudaoptflow cudastereo cudawarping cudev cvv java js matlab ovis ts viz
--     Applications:                -
--     Documentation:               NO
--     Non-free algorithms:         YES
--
--   GUI:
--     Cocoa:                       YES
--
--   Media I/O:
--     ZLib:                        build (ver 1.2.11)
--     JPEG:                        build-libjpeg-turbo (ver 2.0.2-62)
--     WEBP:                        build (ver encoder: 0x020e)
--     PNG:                         build (ver 1.6.36)
--     TIFF:                        build (ver 42 - 4.0.10)
--     JPEG 2000:                   build (ver 1.900.1)
--     OpenEXR:                     build (ver 1.7.1)
--     HDR:                         YES
--     SUNRASTER:                   YES
--     PXM:                         YES
--
--   Video I/O:
--     DC1394:                      NO
--     FFMPEG:                      YES
--       avcodec:                   YES (ver 58.91.100)
--       avformat:                  YES (ver 58.45.100)
--       avutil:                    YES (ver 56.51.100)
--       swscale:                   YES (ver 5.7.100)
--       avresample:                YES (ver 4.0.0)
--     GStreamer:                   NO
--     AVFoundation:                YES
--
--   Parallel framework:            GCD
--
--   Trace:                         YES (with Intel ITT)
--
--   Other third-party libraries:
--     Intel IPP:                   2019.0.0 Gold [2019.0.0]
--            at:                   /Users/sharadroychoudhury/Dropbox/My Mac (sharad’s MacBook Air)/Desktop/project/angular_codebase/gesture-recognition-model/node_modules/opencv-build/opencv/build/3rdparty/ippicv/ippicv_mac/icv
--     Intel IPP IW:                sources (2019.0.0)
--               at:                /Users/sharadroychoudhury/Dropbox/My Mac (sharad’s MacBook Air)/Desktop/project/angular_codebase/gesture-recognition-model/node_modules/opencv-build/opencv/build/3rdparty/ippicv/ippicv_mac/iw
--     Lapack:                      YES (/Library/Developer/CommandLineTools/SDKs/MacOSX10.14.sdk/System/Library/Frameworks/Accelerate.framework -lm -ldl)
--     Eigen:                       YES (ver 3.3.8)
--     Custom HAL:                  NO
--     Protobuf:                    build (3.5.1)
--
--   OpenCL:                        YES (no extra features)
--     Include path:                NO
--     Link libraries:              -framework OpenCL
--
--   Python 2:
--     Interpreter:                 /usr/bin/python2.7 (ver 2.7.10)
--     Libraries:                   NO
--     numpy:                       /System/Library/Frameworks/Python.framework/Versions/2.7/Extras/lib/python/numpy/core/include (ver 1.8.0rc1)
--     install path:                -
--
--   Python (for build):            /usr/bin/python2.7
--
--   Install to:                    /Users/sharadroychoudhury/Dropbox/My Mac (sharad’s MacBook Air)/Desktop/project/angular_codebase/gesture-recognition-model/node_modules/opencv-build/opencv/build
-- -----------------------------------------------------------------
--
-- Configuring done
-- Generating done
-- Build files have been written to: /Users/sharadroychoudhury/Dropbox/My Mac (sharad’s MacBook Air)/Desktop/project/angular_codebase/gesture-recognition-model/node_modules/opencv-build/opencv/build
info install starting build...
Scanning dependencies of target gen-pkgconfig
Scanning dependencies of target zlib
Scanning dependencies of target libjpeg-turbo
Scanning dependencies of target libwebp
[  0%] Generate opencv.pc
/bin/sh: -c: line 0: syntax error near unexpected token `('
/bin/sh: -c: line 0: `/usr/local/Cellar/cmake/3.18.4/bin/cmake -DCMAKE_HELPER_SCRIPT=/Users/sharadroychoudhury/Dropbox/My\ Mac\ (sharad’s\ MacBook\ Air)/Desktop/project/angular_codebase/gesture-recognition-model/node_modules/opencv-build/opencv/build/OpenCVGenPkgConfig.info.cmake -P /Users/sharadroychoudhury/Dropbox/My\ Mac\ (sharad’s\ MacBook\ Air)/Desktop/project/angular_codebase/gesture-recognition-model/node_modules/opencv-build/opencv/opencv/cmake/OpenCVGenPkgconfig.cmake'
make[2]: *** [unix-install/opencv.pc] Error 2
make[1]: *** [CMakeFiles/gen-pkgconfig.dir/all] Error 2
make[1]: *** Waiting for unfinished jobs....
[  0%] Building C object 3rdparty/zlib/CMakeFiles/zlib.dir/compress.c.o
[  0%] Building C object 3rdparty/zlib/CMakeFiles/zlib.dir/adler32.c.o
[  0%] Building C object 3rdparty/libjpeg-turbo/CMakeFiles/libjpeg-turbo.dir/src/jcapimin.c.o
[  1%] Building C object 3rdparty/libwebp/CMakeFiles/libwebp.dir/src/dec/alpha_dec.c.o
[  1%] Building C object 3rdparty/libjpeg-turbo/CMakeFiles/libjpeg-turbo.dir/src/jcapistd.c.o
[  1%] Building C object 3rdparty/libjpeg-turbo/CMakeFiles/libjpeg-turbo.dir/src/jccoefct.c.o
[  1%] Building C object 3rdparty/zlib/CMakeFiles/zlib.dir/crc32.c.o
[  1%] Building C object 3rdparty/libwebp/CMakeFiles/libwebp.dir/src/dec/buffer_dec.c.o
[  1%] Building C object 3rdparty/libjpeg-turbo/CMakeFiles/libjpeg-turbo.dir/src/jccolor.c.o
[  1%] Building C object 3rdparty/zlib/CMakeFiles/zlib.dir/deflate.c.o
[  1%] Building C object 3rdparty/libjpeg-turbo/CMakeFiles/libjpeg-turbo.dir/src/jcdctmgr.c.o
[  1%] Building C object 3rdparty/libwebp/CMakeFiles/libwebp.dir/src/dec/frame_dec.c.o
[  1%] Building C object 3rdparty/zlib/CMakeFiles/zlib.dir/gzclose.c.o
[  1%] Building C object 3rdparty/libjpeg-turbo/CMakeFiles/libjpeg-turbo.dir/src/jchuff.c.o
[  1%] Building C object 3rdparty/libwebp/CMakeFiles/libwebp.dir/src/dec/idec_dec.c.o
[  2%] Building C object 3rdparty/zlib/CMakeFiles/zlib.dir/gzlib.c.o
[  2%] Building C object 3rdparty/libwebp/CMakeFiles/libwebp.dir/src/dec/io_dec.c.o
[  2%] Building C object 3rdparty/libjpeg-turbo/CMakeFiles/libjpeg-turbo.dir/src/jcinit.c.o
[  2%] Building C object 3rdparty/zlib/CMakeFiles/zlib.dir/gzread.c.o
[  2%] Building C object 3rdparty/libwebp/CMakeFiles/libwebp.dir/src/dec/quant_dec.c.o
[  2%] Building C object 3rdparty/libjpeg-turbo/CMakeFiles/libjpeg-turbo.dir/src/jcmainct.c.o
[  2%] Building C object 3rdparty/zlib/CMakeFiles/zlib.dir/gzwrite.c.o
[  2%] Building C object 3rdparty/libwebp/CMakeFiles/libwebp.dir/src/dec/tree_dec.c.o
[  2%] Building C object 3rdparty/zlib/CMakeFiles/zlib.dir/inflate.c.o
[  2%] Building C object 3rdparty/libwebp/CMakeFiles/libwebp.dir/src/dec/vp8_dec.c.o
[  3%] Building C object 3rdparty/libjpeg-turbo/CMakeFiles/libjpeg-turbo.dir/src/jcmarker.c.o
[  3%] Building C object 3rdparty/libwebp/CMakeFiles/libwebp.dir/src/dec/vp8l_dec.c.o
[  3%] Building C object 3rdparty/zlib/CMakeFiles/zlib.dir/infback.c.o
[  3%] Building C object 3rdparty/libwebp/CMakeFiles/libwebp.dir/src/dec/webp_dec.c.o
[  3%] Building C object 3rdparty/zlib/CMakeFiles/zlib.dir/inftrees.c.o
[  3%] Building C object 3rdparty/zlib/CMakeFiles/zlib.dir/inffast.c.o
[  3%] Building C object 3rdparty/zlib/CMakeFiles/zlib.dir/trees.c.o
[  3%] Building C object 3rdparty/libjpeg-turbo/CMakeFiles/libjpeg-turbo.dir/src/jcmaster.c.o
[  3%] Building C object 3rdparty/libwebp/CMakeFiles/libwebp.dir/src/demux/anim_decode.c.o
[  4%] Building C object 3rdparty/libwebp/CMakeFiles/libwebp.dir/src/demux/demux.c.o
[  4%] Building C object 3rdparty/zlib/CMakeFiles/zlib.dir/uncompr.c.o
[  4%] Building C object 3rdparty/libwebp/CMakeFiles/libwebp.dir/src/dsp/alpha_processing.c.o
[  4%] Building C object 3rdparty/zlib/CMakeFiles/zlib.dir/zutil.c.o
[  5%] Linking C static library ../lib/libzlib.a
[  5%] Building C object 3rdparty/libjpeg-turbo/CMakeFiles/libjpeg-turbo.dir/src/jcomapi.c.o
[  5%] Built target zlib
[  5%] Building C object 3rdparty/libwebp/CMakeFiles/libwebp.dir/src/dsp/alpha_processing_mips_dsp_r2.c.o
[  5%] Building C object 3rdparty/libjpeg-turbo/CMakeFiles/libjpeg-turbo.dir/src/jcparam.c.o
[  5%] Building C object 3rdparty/libjpeg-turbo/CMakeFiles/libjpeg-turbo.dir/src/jcphuff.c.o
[  5%] Building C object 3rdparty/libwebp/CMakeFiles/libwebp.dir/src/dsp/alpha_processing_neon.c.o
[  5%] Building C object 3rdparty/libwebp/CMakeFiles/libwebp.dir/src/dsp/alpha_processing_sse2.c.o
[  5%] Building C object 3rdparty/libwebp/CMakeFiles/libwebp.dir/src/dsp/alpha_processing_sse41.c.o
[  5%] Building C object 3rdparty/libjpeg-turbo/CMakeFiles/libjpeg-turbo.dir/src/jcprepct.c.o
[  5%] Building C object 3rdparty/libwebp/CMakeFiles/libwebp.dir/src/dsp/cost.c.o
[  5%] Building C object 3rdparty/libwebp/CMakeFiles/libwebp.dir/src/dsp/cost_mips32.c.o
[  5%] Building C object 3rdparty/libjpeg-turbo/CMakeFiles/libjpeg-turbo.dir/src/jcsample.c.o
[  5%] Building C object 3rdparty/libwebp/CMakeFiles/libwebp.dir/src/dsp/cost_mips_dsp_r2.c.o
[  5%] Building C object 3rdparty/libwebp/CMakeFiles/libwebp.dir/src/dsp/cost_sse2.c.o
[  5%] Building C object 3rdparty/libjpeg-turbo/CMakeFiles/libjpeg-turbo.dir/src/jctrans.c.o
[  6%] Building C object 3rdparty/libwebp/CMakeFiles/libwebp.dir/src/dsp/cpu.c.o
[  6%] Building C object 3rdparty/libwebp/CMakeFiles/libwebp.dir/src/dsp/dec.c.o
[  6%] Building C object 3rdparty/libjpeg-turbo/CMakeFiles/libjpeg-turbo.dir/src/jdapimin.c.o
[  6%] Building C object 3rdparty/libwebp/CMakeFiles/libwebp.dir/src/dsp/dec_clip_tables.c.o
[  6%] Building C object 3rdparty/libjpeg-turbo/CMakeFiles/libjpeg-turbo.dir/src/jdapistd.c.o
[  6%] Building C object 3rdparty/libwebp/CMakeFiles/libwebp.dir/src/dsp/dec_mips32.c.o
[  6%] Building C object 3rdparty/libjpeg-turbo/CMakeFiles/libjpeg-turbo.dir/src/jdatadst.c.o
[  6%] Building C object 3rdparty/libwebp/CMakeFiles/libwebp.dir/src/dsp/dec_mips_dsp_r2.c.o
[  6%] Building C object 3rdparty/libwebp/CMakeFiles/libwebp.dir/src/dsp/dec_msa.c.o
[  7%] Building C object 3rdparty/libjpeg-turbo/CMakeFiles/libjpeg-turbo.dir/src/jdatasrc.c.o
[  7%] Building C object 3rdparty/libjpeg-turbo/CMakeFiles/libjpeg-turbo.dir/src/jdcoefct.c.o
[  7%] Building C object 3rdparty/libwebp/CMakeFiles/libwebp.dir/src/dsp/dec_neon.c.o
[  7%] Building C object 3rdparty/libjpeg-turbo/CMakeFiles/libjpeg-turbo.dir/src/jdcolor.c.o
[  7%] Building C object 3rdparty/libwebp/CMakeFiles/libwebp.dir/src/dsp/dec_sse2.c.o
[  7%] Building C object 3rdparty/libwebp/CMakeFiles/libwebp.dir/src/dsp/dec_sse41.c.o
[  7%] Building C object 3rdparty/libwebp/CMakeFiles/libwebp.dir/src/dsp/enc.c.o
[  7%] Building C object 3rdparty/libjpeg-turbo/CMakeFiles/libjpeg-turbo.dir/src/jddctmgr.c.o
[  7%] Building C object 3rdparty/libwebp/CMakeFiles/libwebp.dir/src/dsp/enc_avx2.c.o
[  7%] Building C object 3rdparty/libjpeg-turbo/CMakeFiles/libjpeg-turbo.dir/src/jdhuff.c.o
[  7%] Building C object 3rdparty/libjpeg-turbo/CMakeFiles/libjpeg-turbo.dir/src/jdinput.c.o
[  8%] Building C object 3rdparty/libwebp/CMakeFiles/libwebp.dir/src/dsp/enc_mips32.c.o
[  8%] Building C object 3rdparty/libwebp/CMakeFiles/libwebp.dir/src/dsp/enc_mips_dsp_r2.c.o
[  8%] Building C object 3rdparty/libjpeg-turbo/CMakeFiles/libjpeg-turbo.dir/src/jdmainct.c.o
[  8%] Building C object 3rdparty/libjpeg-turbo/CMakeFiles/libjpeg-turbo.dir/src/jdmarker.c.o
[  8%] Building C object 3rdparty/libwebp/CMakeFiles/libwebp.dir/src/dsp/enc_msa.c.o
[  8%] Building C object 3rdparty/libwebp/CMakeFiles/libwebp.dir/src/dsp/enc_neon.c.o
[  8%] Building C object 3rdparty/libwebp/CMakeFiles/libwebp.dir/src/dsp/enc_sse2.c.o
[  8%] Building C object 3rdparty/libjpeg-turbo/CMakeFiles/libjpeg-turbo.dir/src/jdmaster.c.o
[  8%] Building C object 3rdparty/libwebp/CMakeFiles/libwebp.dir/src/dsp/enc_sse41.c.o
[  8%] Building C object 3rdparty/libwebp/CMakeFiles/libwebp.dir/src/dsp/filters.c.o
[  8%] Building C object 3rdparty/libjpeg-turbo/CMakeFiles/libjpeg-turbo.dir/src/jdmerge.c.o
[  8%] Building C object 3rdparty/libwebp/CMakeFiles/libwebp.dir/src/dsp/filters_mips_dsp_r2.c.o
[  9%] Building C object 3rdparty/libjpeg-turbo/CMakeFiles/libjpeg-turbo.dir/src/jdphuff.c.o
[  9%] Building C object 3rdparty/libwebp/CMakeFiles/libwebp.dir/src/dsp/filters_msa.c.o
[  9%] Building C object 3rdparty/libjpeg-turbo/CMakeFiles/libjpeg-turbo.dir/src/jdpostct.c.o
[  9%] Building C object 3rdparty/libwebp/CMakeFiles/libwebp.dir/src/dsp/filters_neon.c.o
[ 10%] Building C object 3rdparty/libwebp/CMakeFiles/libwebp.dir/src/dsp/filters_sse2.c.o
[ 10%] Building C object 3rdparty/libjpeg-turbo/CMakeFiles/libjpeg-turbo.dir/src/jdsample.c.o
[ 10%] Building C object 3rdparty/libwebp/CMakeFiles/libwebp.dir/src/dsp/lossless.c.o
[ 10%] Building C object 3rdparty/libwebp/CMakeFiles/libwebp.dir/src/dsp/lossless_enc.c.o
[ 10%] Building C object 3rdparty/libjpeg-turbo/CMakeFiles/libjpeg-turbo.dir/src/jdtrans.c.o
[ 10%] Building C object 3rdparty/libjpeg-turbo/CMakeFiles/libjpeg-turbo.dir/src/jerror.c.o
[ 10%] Building C object 3rdparty/libjpeg-turbo/CMakeFiles/libjpeg-turbo.dir/src/jfdctflt.c.o
[ 10%] Building C object 3rdparty/libwebp/CMakeFiles/libwebp.dir/src/dsp/lossless_enc_mips32.c.o
[ 10%] Building C object 3rdparty/libjpeg-turbo/CMakeFiles/libjpeg-turbo.dir/src/jfdctfst.c.o
[ 10%] Building C object 3rdparty/libjpeg-turbo/CMakeFiles/libjpeg-turbo.dir/src/jfdctint.c.o
[ 10%] Building C object 3rdparty/libjpeg-turbo/CMakeFiles/libjpeg-turbo.dir/src/jidctflt.c.o
[ 10%] Building C object 3rdparty/libwebp/CMakeFiles/libwebp.dir/src/dsp/lossless_enc_mips_dsp_r2.c.o
[ 10%] Building C object 3rdparty/libjpeg-turbo/CMakeFiles/libjpeg-turbo.dir/src/jidctfst.c.o
[ 10%] Building C object 3rdparty/libwebp/CMakeFiles/libwebp.dir/src/dsp/lossless_enc_msa.c.o
[ 10%] Building C object 3rdparty/libwebp/CMakeFiles/libwebp.dir/src/dsp/lossless_enc_neon.c.o
[ 10%] Building C object 3rdparty/libwebp/CMakeFiles/libwebp.dir/src/dsp/lossless_enc_sse2.c.o
[ 10%] Building C object 3rdparty/libjpeg-turbo/CMakeFiles/libjpeg-turbo.dir/src/jidctint.c.o
[ 11%] Building C object 3rdparty/libjpeg-turbo/CMakeFiles/libjpeg-turbo.dir/src/jidctred.c.o
[ 11%] Building C object 3rdparty/libwebp/CMakeFiles/libwebp.dir/src/dsp/lossless_enc_sse41.c.o
[ 11%] Building C object 3rdparty/libwebp/CMakeFiles/libwebp.dir/src/dsp/lossless_mips_dsp_r2.c.o
[ 11%] Building C object 3rdparty/libjpeg-turbo/CMakeFiles/libjpeg-turbo.dir/src/jquant1.c.o
[ 11%] Building C object 3rdparty/libjpeg-turbo/CMakeFiles/libjpeg-turbo.dir/src/jquant2.c.o
[ 11%] Building C object 3rdparty/libwebp/CMakeFiles/libwebp.dir/src/dsp/lossless_msa.c.o
[ 12%] Building C object 3rdparty/libwebp/CMakeFiles/libwebp.dir/src/dsp/lossless_neon.c.o
[ 12%] Building C object 3rdparty/libwebp/CMakeFiles/libwebp.dir/src/dsp/lossless_sse2.c.o
[ 12%] Building C object 3rdparty/libjpeg-turbo/CMakeFiles/libjpeg-turbo.dir/src/jutils.c.o
[ 12%] Building C object 3rdparty/libwebp/CMakeFiles/libwebp.dir/src/dsp/rescaler.c.o
[ 12%] Building C object 3rdparty/libwebp/CMakeFiles/libwebp.dir/src/dsp/rescaler_mips32.c.o
[ 12%] Building C object 3rdparty/libwebp/CMakeFiles/libwebp.dir/src/dsp/rescaler_mips_dsp_r2.c.o
[ 12%] Building C object 3rdparty/libwebp/CMakeFiles/libwebp.dir/src/dsp/rescaler_msa.c.o
[ 12%] Building C object 3rdparty/libjpeg-turbo/CMakeFiles/libjpeg-turbo.dir/src/jmemmgr.c.o
[ 12%] Building C object 3rdparty/libjpeg-turbo/CMakeFiles/libjpeg-turbo.dir/src/jmemnobs.c.o
[ 12%] Building C object 3rdparty/libwebp/CMakeFiles/libwebp.dir/src/dsp/rescaler_neon.c.o
[ 12%] Building C object 3rdparty/libwebp/CMakeFiles/libwebp.dir/src/dsp/rescaler_sse2.c.o
[ 12%] Building C object 3rdparty/libwebp/CMakeFiles/libwebp.dir/src/dsp/ssim.c.o
[ 12%] Building C object 3rdparty/libwebp/CMakeFiles/libwebp.dir/src/dsp/ssim_sse2.c.o
[ 12%] Building C object 3rdparty/libjpeg-turbo/CMakeFiles/libjpeg-turbo.dir/src/jaricom.c.o
[ 12%] Building C object 3rdparty/libjpeg-turbo/CMakeFiles/libjpeg-turbo.dir/src/jcarith.c.o
[ 12%] Building C object 3rdparty/libwebp/CMakeFiles/libwebp.dir/src/dsp/upsampling.c.o
[ 13%] Building C object 3rdparty/libwebp/CMakeFiles/libwebp.dir/src/dsp/upsampling_mips_dsp_r2.c.o
[ 13%] Building C object 3rdparty/libwebp/CMakeFiles/libwebp.dir/src/dsp/upsampling_msa.c.o
[ 13%] Building C object 3rdparty/libjpeg-turbo/CMakeFiles/libjpeg-turbo.dir/src/jdarith.c.o
[ 13%] Building C object 3rdparty/libjpeg-turbo/CMakeFiles/libjpeg-turbo.dir/src/jsimd_none.c.o
[ 13%] Building C object 3rdparty/libwebp/CMakeFiles/libwebp.dir/src/dsp/upsampling_neon.c.o
[ 13%] Building C object 3rdparty/libwebp/CMakeFiles/libwebp.dir/src/dsp/upsampling_sse2.c.o
[ 13%] Building C object 3rdparty/libwebp/CMakeFiles/libwebp.dir/src/dsp/upsampling_sse41.c.o
[ 13%] Linking C static library ../lib/liblibjpeg-turbo.a
[ 13%] Built target libjpeg-turbo
[ 13%] Building C object 3rdparty/libwebp/CMakeFiles/libwebp.dir/src/dsp/yuv.c.o
[ 13%] Building C object 3rdparty/libwebp/CMakeFiles/libwebp.dir/src/dsp/yuv_mips_dsp_r2.c.o
[ 13%] Building C object 3rdparty/libwebp/CMakeFiles/libwebp.dir/src/dsp/yuv_mips32.c.o
[ 13%] Building C object 3rdparty/libwebp/CMakeFiles/libwebp.dir/src/dsp/yuv_sse2.c.o
[ 13%] Building C object 3rdparty/libwebp/CMakeFiles/libwebp.dir/src/dsp/yuv_neon.c.o
[ 14%] Building C object 3rdparty/libwebp/CMakeFiles/libwebp.dir/src/dsp/yuv_sse41.c.o
[ 14%] Building C object 3rdparty/libwebp/CMakeFiles/libwebp.dir/src/enc/alpha_enc.c.o
[ 14%] Building C object 3rdparty/libwebp/CMakeFiles/libwebp.dir/src/enc/analysis_enc.c.o
[ 14%] Building C object 3rdparty/libwebp/CMakeFiles/libwebp.dir/src/enc/backward_references_cost_enc.c.o
[ 14%] Building C object 3rdparty/libwebp/CMakeFiles/libwebp.dir/src/enc/backward_references_enc.c.o
[ 14%] Building C object 3rdparty/libwebp/CMakeFiles/libwebp.dir/src/enc/config_enc.c.o
[ 14%] Building C object 3rdparty/libwebp/CMakeFiles/libwebp.dir/src/enc/cost_enc.c.o
[ 14%] Building C object 3rdparty/libwebp/CMakeFiles/libwebp.dir/src/enc/filter_enc.c.o
[ 14%] Building C object 3rdparty/libwebp/CMakeFiles/libwebp.dir/src/enc/frame_enc.c.o
[ 14%] Building C object 3rdparty/libwebp/CMakeFiles/libwebp.dir/src/enc/histogram_enc.c.o
[ 14%] Building C object 3rdparty/libwebp/CMakeFiles/libwebp.dir/src/enc/iterator_enc.c.o
[ 15%] Building C object 3rdparty/libwebp/CMakeFiles/libwebp.dir/src/enc/near_lossless_enc.c.o
[ 15%] Building C object 3rdparty/libwebp/CMakeFiles/libwebp.dir/src/enc/picture_csp_enc.c.o
[ 15%] Building C object 3rdparty/libwebp/CMakeFiles/libwebp.dir/src/enc/picture_enc.c.o
[ 15%] Building C object 3rdparty/libwebp/CMakeFiles/libwebp.dir/src/enc/picture_psnr_enc.c.o
[ 15%] Building C object 3rdparty/libwebp/CMakeFiles/libwebp.dir/src/enc/picture_rescale_enc.c.o
[ 15%] Building C object 3rdparty/libwebp/CMakeFiles/libwebp.dir/src/enc/picture_tools_enc.c.o
[ 15%] Building C object 3rdparty/libwebp/CMakeFiles/libwebp.dir/src/enc/predictor_enc.c.o
[ 15%] Building C object 3rdparty/libwebp/CMakeFiles/libwebp.dir/src/enc/quant_enc.c.o
[ 15%] Building C object 3rdparty/libwebp/CMakeFiles/libwebp.dir/src/enc/syntax_enc.c.o
[ 15%] Building C object 3rdparty/libwebp/CMakeFiles/libwebp.dir/src/enc/token_enc.c.o
[ 16%] Building C object 3rdparty/libwebp/CMakeFiles/libwebp.dir/src/enc/tree_enc.c.o
[ 16%] Building C object 3rdparty/libwebp/CMakeFiles/libwebp.dir/src/enc/vp8l_enc.c.o
[ 16%] Building C object 3rdparty/libwebp/CMakeFiles/libwebp.dir/src/enc/webp_enc.c.o
[ 16%] Building C object 3rdparty/libwebp/CMakeFiles/libwebp.dir/src/mux/anim_encode.c.o
[ 16%] Building C object 3rdparty/libwebp/CMakeFiles/libwebp.dir/src/mux/muxedit.c.o
[ 16%] Building C object 3rdparty/libwebp/CMakeFiles/libwebp.dir/src/mux/muxinternal.c.o
[ 16%] Building C object 3rdparty/libwebp/CMakeFiles/libwebp.dir/src/mux/muxread.c.o
[ 16%] Building C object 3rdparty/libwebp/CMakeFiles/libwebp.dir/src/utils/bit_reader_utils.c.o
[ 16%] Building C object 3rdparty/libwebp/CMakeFiles/libwebp.dir/src/utils/bit_writer_utils.c.o
[ 16%] Building C object 3rdparty/libwebp/CMakeFiles/libwebp.dir/src/utils/color_cache_utils.c.o
[ 16%] Building C object 3rdparty/libwebp/CMakeFiles/libwebp.dir/src/utils/filters_utils.c.o
[ 17%] Building C object 3rdparty/libwebp/CMakeFiles/libwebp.dir/src/utils/huffman_encode_utils.c.o
[ 17%] Building C object 3rdparty/libwebp/CMakeFiles/libwebp.dir/src/utils/huffman_utils.c.o
[ 17%] Building C object 3rdparty/libwebp/CMakeFiles/libwebp.dir/src/utils/quant_levels_dec_utils.c.o
[ 17%] Building C object 3rdparty/libwebp/CMakeFiles/libwebp.dir/src/utils/random_utils.c.o
[ 17%] Building C object 3rdparty/libwebp/CMakeFiles/libwebp.dir/src/utils/quant_levels_utils.c.o
[ 17%] Building C object 3rdparty/libwebp/CMakeFiles/libwebp.dir/src/utils/rescaler_utils.c.o
[ 17%] Building C object 3rdparty/libwebp/CMakeFiles/libwebp.dir/src/utils/thread_utils.c.o
[ 17%] Building C object 3rdparty/libwebp/CMakeFiles/libwebp.dir/src/utils/utils.c.o
[ 17%] Linking C static library ../lib/liblibwebp.a
[ 17%] Built target libwebp
make: *** [all] Error 2
ERR! child process exited with code 2 (for more info, set '--loglevel silly')
npm WARN bootstrap@4.5.2 requires a peer of jquery@1.9.1 - 3 but none is installed. You must install peer dependencies yourself.
npm WARN bootstrap@4.5.2 requires a peer of popper.js@^1.16.1 but none is installed. You must install peer dependencies yourself.

npm ERR! code ELIFECYCLE
npm ERR! errno 1
npm ERR! opencv-build@0.1.9 install: `node ./install.js`
npm ERR! Exit status 1
npm ERR!
npm ERR! Failed at the opencv-build@0.1.9 install script.
npm ERR! This is probably not a problem with npm. There is likely additional logging output above.

npm ERR! A complete log of this run can be found in:
npm ERR!     /Users/sharadroychoudhury/.npm/_logs/2020-10-13T08_22_39_655Z-debug.log
sharad:gesture-recognition-model sharadroychoudhury$
